[2025-05-27 05:45:43 +0000] [589377] [INFO] Starting gunicorn 23.0.0
[2025-05-27 05:45:43 +0000] [589377] [INFO] Listening at: http://0.0.0.0:5000 (589377)
[2025-05-27 05:45:43 +0000] [589377] [INFO] Using worker: sync
[2025-05-27 05:45:43 +0000] [589378] [INFO] Booting worker with pid: 589378
[2025-05-27 05:47:23,011] ERROR in app: Exception on / [GET]
Traceback (most recent call last):
  File "/root/LAST-VERSION-PROJECT-FLASK-REACT-/backend/venv/lib/python3.12/site-packages/flask/app.py", line 1511, in wsgi_app
    response = self.full_dispatch_request()
               ^^^^^^^^^^^^^^^^^^^^^^^^^^^^
  File "/root/LAST-VERSION-PROJECT-FLASK-REACT-/backend/venv/lib/python3.12/site-packages/flask/app.py", line 919, in full_dispatch_request
    rv = self.handle_user_exception(e)
         ^^^^^^^^^^^^^^^^^^^^^^^^^^^^^
  File "/root/LAST-VERSION-PROJECT-FLASK-REACT-/backend/venv/lib/python3.12/site-packages/flask/app.py", line 917, in full_dispatch_request
    rv = self.dispatch_request()
         ^^^^^^^^^^^^^^^^^^^^^^^
  File "/root/LAST-VERSION-PROJECT-FLASK-REACT-/backend/venv/lib/python3.12/site-packages/flask/app.py", line 902, in dispatch_request
    return self.ensure_sync(self.view_functions[rule.endpoint])(**view_args)  # type: ignore[no-any-return]
           ^^^^^^^^^^^^^^^^^^^^^^^^^^^^^^^^^^^^^^^^^^^^^^^^^^^^^^^^^^^^^^^^^
  File "/root/LAST-VERSION-PROJECT-FLASK-REACT-/backend/app/routes.py", line 9, in home
    return render_template('home.html', cars=cars)
           ^^^^^^^^^^^^^^^^^^^^^^^^^^^^^^^^^^^^^^^
  File "/root/LAST-VERSION-PROJECT-FLASK-REACT-/backend/venv/lib/python3.12/site-packages/flask/templating.py", line 149, in render_template
    template = app.jinja_env.get_or_select_template(template_name_or_list)
               ^^^^^^^^^^^^^^^^^^^^^^^^^^^^^^^^^^^^^^^^^^^^^^^^^^^^^^^^^^^
  File "/root/LAST-VERSION-PROJECT-FLASK-REACT-/backend/venv/lib/python3.12/site-packages/jinja2/environment.py", line 1087, in get_or_select_template
    return self.get_template(template_name_or_list, parent, globals)
           ^^^^^^^^^^^^^^^^^^^^^^^^^^^^^^^^^^^^^^^^^^^^^^^^^^^^^^^^^
  File "/root/LAST-VERSION-PROJECT-FLASK-REACT-/backend/venv/lib/python3.12/site-packages/jinja2/environment.py", line 1016, in get_template
    return self._load_template(name, globals)
           ^^^^^^^^^^^^^^^^^^^^^^^^^^^^^^^^^^
  File "/root/LAST-VERSION-PROJECT-FLASK-REACT-/backend/venv/lib/python3.12/site-packages/jinja2/environment.py", line 975, in _load_template
    template = self.loader.load(self, name, self.make_globals(globals))
               ^^^^^^^^^^^^^^^^^^^^^^^^^^^^^^^^^^^^^^^^^^^^^^^^^^^^^^^^
  File "/root/LAST-VERSION-PROJECT-FLASK-REACT-/backend/venv/lib/python3.12/site-packages/jinja2/loaders.py", line 126, in load
    source, filename, uptodate = self.get_source(environment, name)
                                 ^^^^^^^^^^^^^^^^^^^^^^^^^^^^^^^^^^
  File "/root/LAST-VERSION-PROJECT-FLASK-REACT-/backend/venv/lib/python3.12/site-packages/flask/templating.py", line 65, in get_source
    return self._get_source_fast(environment, template)
           ^^^^^^^^^^^^^^^^^^^^^^^^^^^^^^^^^^^^^^^^^^^^
  File "/root/LAST-VERSION-PROJECT-FLASK-REACT-/backend/venv/lib/python3.12/site-packages/flask/templating.py", line 99, in _get_source_fast
    raise TemplateNotFound(template)
jinja2.exceptions.TemplateNotFound: home.html
[2025-05-27 05:47:23,590] ERROR in app: Exception on / [GET]
Traceback (most recent call last):
  File "/root/LAST-VERSION-PROJECT-FLASK-REACT-/backend/venv/lib/python3.12/site-packages/flask/app.py", line 1511, in wsgi_app
    response = self.full_dispatch_request()
               ^^^^^^^^^^^^^^^^^^^^^^^^^^^^
  File "/root/LAST-VERSION-PROJECT-FLASK-REACT-/backend/venv/lib/python3.12/site-packages/flask/app.py", line 919, in full_dispatch_request
    rv = self.handle_user_exception(e)
         ^^^^^^^^^^^^^^^^^^^^^^^^^^^^^
  File "/root/LAST-VERSION-PROJECT-FLASK-REACT-/backend/venv/lib/python3.12/site-packages/flask/app.py", line 917, in full_dispatch_request
    rv = self.dispatch_request()
         ^^^^^^^^^^^^^^^^^^^^^^^
  File "/root/LAST-VERSION-PROJECT-FLASK-REACT-/backend/venv/lib/python3.12/site-packages/flask/app.py", line 902, in dispatch_request
    return self.ensure_sync(self.view_functions[rule.endpoint])(**view_args)  # type: ignore[no-any-return]
           ^^^^^^^^^^^^^^^^^^^^^^^^^^^^^^^^^^^^^^^^^^^^^^^^^^^^^^^^^^^^^^^^^
  File "/root/LAST-VERSION-PROJECT-FLASK-REACT-/backend/app/routes.py", line 9, in home
    return render_template('home.html', cars=cars)
           ^^^^^^^^^^^^^^^^^^^^^^^^^^^^^^^^^^^^^^^
  File "/root/LAST-VERSION-PROJECT-FLASK-REACT-/backend/venv/lib/python3.12/site-packages/flask/templating.py", line 149, in render_template
    template = app.jinja_env.get_or_select_template(template_name_or_list)
               ^^^^^^^^^^^^^^^^^^^^^^^^^^^^^^^^^^^^^^^^^^^^^^^^^^^^^^^^^^^
  File "/root/LAST-VERSION-PROJECT-FLASK-REACT-/backend/venv/lib/python3.12/site-packages/jinja2/environment.py", line 1087, in get_or_select_template
    return self.get_template(template_name_or_list, parent, globals)
           ^^^^^^^^^^^^^^^^^^^^^^^^^^^^^^^^^^^^^^^^^^^^^^^^^^^^^^^^^
  File "/root/LAST-VERSION-PROJECT-FLASK-REACT-/backend/venv/lib/python3.12/site-packages/jinja2/environment.py", line 1016, in get_template
    return self._load_template(name, globals)
           ^^^^^^^^^^^^^^^^^^^^^^^^^^^^^^^^^^
  File "/root/LAST-VERSION-PROJECT-FLASK-REACT-/backend/venv/lib/python3.12/site-packages/jinja2/environment.py", line 975, in _load_template
    template = self.loader.load(self, name, self.make_globals(globals))
               ^^^^^^^^^^^^^^^^^^^^^^^^^^^^^^^^^^^^^^^^^^^^^^^^^^^^^^^^
  File "/root/LAST-VERSION-PROJECT-FLASK-REACT-/backend/venv/lib/python3.12/site-packages/jinja2/loaders.py", line 126, in load
    source, filename, uptodate = self.get_source(environment, name)
                                 ^^^^^^^^^^^^^^^^^^^^^^^^^^^^^^^^^^
  File "/root/LAST-VERSION-PROJECT-FLASK-REACT-/backend/venv/lib/python3.12/site-packages/flask/templating.py", line 65, in get_source
    return self._get_source_fast(environment, template)
           ^^^^^^^^^^^^^^^^^^^^^^^^^^^^^^^^^^^^^^^^^^^^
  File "/root/LAST-VERSION-PROJECT-FLASK-REACT-/backend/venv/lib/python3.12/site-packages/flask/templating.py", line 99, in _get_source_fast
    raise TemplateNotFound(template)
jinja2.exceptions.TemplateNotFound: home.html
[2025-05-27 05:47:23,988] ERROR in app: Exception on / [GET]
Traceback (most recent call last):
  File "/root/LAST-VERSION-PROJECT-FLASK-REACT-/backend/venv/lib/python3.12/site-packages/flask/app.py", line 1511, in wsgi_app
    response = self.full_dispatch_request()
               ^^^^^^^^^^^^^^^^^^^^^^^^^^^^
  File "/root/LAST-VERSION-PROJECT-FLASK-REACT-/backend/venv/lib/python3.12/site-packages/flask/app.py", line 919, in full_dispatch_request
    rv = self.handle_user_exception(e)
         ^^^^^^^^^^^^^^^^^^^^^^^^^^^^^
  File "/root/LAST-VERSION-PROJECT-FLASK-REACT-/backend/venv/lib/python3.12/site-packages/flask/app.py", line 917, in full_dispatch_request
    rv = self.dispatch_request()
         ^^^^^^^^^^^^^^^^^^^^^^^
  File "/root/LAST-VERSION-PROJECT-FLASK-REACT-/backend/venv/lib/python3.12/site-packages/flask/app.py", line 902, in dispatch_request
    return self.ensure_sync(self.view_functions[rule.endpoint])(**view_args)  # type: ignore[no-any-return]
           ^^^^^^^^^^^^^^^^^^^^^^^^^^^^^^^^^^^^^^^^^^^^^^^^^^^^^^^^^^^^^^^^^
  File "/root/LAST-VERSION-PROJECT-FLASK-REACT-/backend/app/routes.py", line 9, in home
    return render_template('home.html', cars=cars)
           ^^^^^^^^^^^^^^^^^^^^^^^^^^^^^^^^^^^^^^^
  File "/root/LAST-VERSION-PROJECT-FLASK-REACT-/backend/venv/lib/python3.12/site-packages/flask/templating.py", line 149, in render_template
    template = app.jinja_env.get_or_select_template(template_name_or_list)
               ^^^^^^^^^^^^^^^^^^^^^^^^^^^^^^^^^^^^^^^^^^^^^^^^^^^^^^^^^^^
  File "/root/LAST-VERSION-PROJECT-FLASK-REACT-/backend/venv/lib/python3.12/site-packages/jinja2/environment.py", line 1087, in get_or_select_template
    return self.get_template(template_name_or_list, parent, globals)
           ^^^^^^^^^^^^^^^^^^^^^^^^^^^^^^^^^^^^^^^^^^^^^^^^^^^^^^^^^
  File "/root/LAST-VERSION-PROJECT-FLASK-REACT-/backend/venv/lib/python3.12/site-packages/jinja2/environment.py", line 1016, in get_template
    return self._load_template(name, globals)
           ^^^^^^^^^^^^^^^^^^^^^^^^^^^^^^^^^^
  File "/root/LAST-VERSION-PROJECT-FLASK-REACT-/backend/venv/lib/python3.12/site-packages/jinja2/environment.py", line 975, in _load_template
    template = self.loader.load(self, name, self.make_globals(globals))
               ^^^^^^^^^^^^^^^^^^^^^^^^^^^^^^^^^^^^^^^^^^^^^^^^^^^^^^^^
  File "/root/LAST-VERSION-PROJECT-FLASK-REACT-/backend/venv/lib/python3.12/site-packages/jinja2/loaders.py", line 126, in load
    source, filename, uptodate = self.get_source(environment, name)
                                 ^^^^^^^^^^^^^^^^^^^^^^^^^^^^^^^^^^
  File "/root/LAST-VERSION-PROJECT-FLASK-REACT-/backend/venv/lib/python3.12/site-packages/flask/templating.py", line 65, in get_source
    return self._get_source_fast(environment, template)
           ^^^^^^^^^^^^^^^^^^^^^^^^^^^^^^^^^^^^^^^^^^^^
  File "/root/LAST-VERSION-PROJECT-FLASK-REACT-/backend/venv/lib/python3.12/site-packages/flask/templating.py", line 99, in _get_source_fast
    raise TemplateNotFound(template)
jinja2.exceptions.TemplateNotFound: home.html
[2025-05-27 05:47:24,178] ERROR in app: Exception on / [GET]
Traceback (most recent call last):
  File "/root/LAST-VERSION-PROJECT-FLASK-REACT-/backend/venv/lib/python3.12/site-packages/flask/app.py", line 1511, in wsgi_app
    response = self.full_dispatch_request()
               ^^^^^^^^^^^^^^^^^^^^^^^^^^^^
  File "/root/LAST-VERSION-PROJECT-FLASK-REACT-/backend/venv/lib/python3.12/site-packages/flask/app.py", line 919, in full_dispatch_request
    rv = self.handle_user_exception(e)
         ^^^^^^^^^^^^^^^^^^^^^^^^^^^^^
  File "/root/LAST-VERSION-PROJECT-FLASK-REACT-/backend/venv/lib/python3.12/site-packages/flask/app.py", line 917, in full_dispatch_request
    rv = self.dispatch_request()
         ^^^^^^^^^^^^^^^^^^^^^^^
  File "/root/LAST-VERSION-PROJECT-FLASK-REACT-/backend/venv/lib/python3.12/site-packages/flask/app.py", line 902, in dispatch_request
    return self.ensure_sync(self.view_functions[rule.endpoint])(**view_args)  # type: ignore[no-any-return]
           ^^^^^^^^^^^^^^^^^^^^^^^^^^^^^^^^^^^^^^^^^^^^^^^^^^^^^^^^^^^^^^^^^
  File "/root/LAST-VERSION-PROJECT-FLASK-REACT-/backend/app/routes.py", line 9, in home
    return render_template('home.html', cars=cars)
           ^^^^^^^^^^^^^^^^^^^^^^^^^^^^^^^^^^^^^^^
  File "/root/LAST-VERSION-PROJECT-FLASK-REACT-/backend/venv/lib/python3.12/site-packages/flask/templating.py", line 149, in render_template
    template = app.jinja_env.get_or_select_template(template_name_or_list)
               ^^^^^^^^^^^^^^^^^^^^^^^^^^^^^^^^^^^^^^^^^^^^^^^^^^^^^^^^^^^
  File "/root/LAST-VERSION-PROJECT-FLASK-REACT-/backend/venv/lib/python3.12/site-packages/jinja2/environment.py", line 1087, in get_or_select_template
    return self.get_template(template_name_or_list, parent, globals)
           ^^^^^^^^^^^^^^^^^^^^^^^^^^^^^^^^^^^^^^^^^^^^^^^^^^^^^^^^^
  File "/root/LAST-VERSION-PROJECT-FLASK-REACT-/backend/venv/lib/python3.12/site-packages/jinja2/environment.py", line 1016, in get_template
    return self._load_template(name, globals)
           ^^^^^^^^^^^^^^^^^^^^^^^^^^^^^^^^^^
  File "/root/LAST-VERSION-PROJECT-FLASK-REACT-/backend/venv/lib/python3.12/site-packages/jinja2/environment.py", line 975, in _load_template
    template = self.loader.load(self, name, self.make_globals(globals))
               ^^^^^^^^^^^^^^^^^^^^^^^^^^^^^^^^^^^^^^^^^^^^^^^^^^^^^^^^
  File "/root/LAST-VERSION-PROJECT-FLASK-REACT-/backend/venv/lib/python3.12/site-packages/jinja2/loaders.py", line 126, in load
    source, filename, uptodate = self.get_source(environment, name)
                                 ^^^^^^^^^^^^^^^^^^^^^^^^^^^^^^^^^^
  File "/root/LAST-VERSION-PROJECT-FLASK-REACT-/backend/venv/lib/python3.12/site-packages/flask/templating.py", line 65, in get_source
    return self._get_source_fast(environment, template)
           ^^^^^^^^^^^^^^^^^^^^^^^^^^^^^^^^^^^^^^^^^^^^
  File "/root/LAST-VERSION-PROJECT-FLASK-REACT-/backend/venv/lib/python3.12/site-packages/flask/templating.py", line 99, in _get_source_fast
    raise TemplateNotFound(template)
jinja2.exceptions.TemplateNotFound: home.html
[2025-05-27 05:51:49,834] ERROR in app: Exception on / [GET]
Traceback (most recent call last):
  File "/root/LAST-VERSION-PROJECT-FLASK-REACT-/backend/venv/lib/python3.12/site-packages/flask/app.py", line 1511, in wsgi_app
    response = self.full_dispatch_request()
               ^^^^^^^^^^^^^^^^^^^^^^^^^^^^
  File "/root/LAST-VERSION-PROJECT-FLASK-REACT-/backend/venv/lib/python3.12/site-packages/flask/app.py", line 919, in full_dispatch_request
    rv = self.handle_user_exception(e)
         ^^^^^^^^^^^^^^^^^^^^^^^^^^^^^
  File "/root/LAST-VERSION-PROJECT-FLASK-REACT-/backend/venv/lib/python3.12/site-packages/flask/app.py", line 917, in full_dispatch_request
    rv = self.dispatch_request()
         ^^^^^^^^^^^^^^^^^^^^^^^
  File "/root/LAST-VERSION-PROJECT-FLASK-REACT-/backend/venv/lib/python3.12/site-packages/flask/app.py", line 902, in dispatch_request
    return self.ensure_sync(self.view_functions[rule.endpoint])(**view_args)  # type: ignore[no-any-return]
           ^^^^^^^^^^^^^^^^^^^^^^^^^^^^^^^^^^^^^^^^^^^^^^^^^^^^^^^^^^^^^^^^^
  File "/root/LAST-VERSION-PROJECT-FLASK-REACT-/backend/app/routes.py", line 9, in home
    return render_template('home.html', cars=cars)
           ^^^^^^^^^^^^^^^^^^^^^^^^^^^^^^^^^^^^^^^
  File "/root/LAST-VERSION-PROJECT-FLASK-REACT-/backend/venv/lib/python3.12/site-packages/flask/templating.py", line 149, in render_template
    template = app.jinja_env.get_or_select_template(template_name_or_list)
               ^^^^^^^^^^^^^^^^^^^^^^^^^^^^^^^^^^^^^^^^^^^^^^^^^^^^^^^^^^^
  File "/root/LAST-VERSION-PROJECT-FLASK-REACT-/backend/venv/lib/python3.12/site-packages/jinja2/environment.py", line 1087, in get_or_select_template
    return self.get_template(template_name_or_list, parent, globals)
           ^^^^^^^^^^^^^^^^^^^^^^^^^^^^^^^^^^^^^^^^^^^^^^^^^^^^^^^^^
  File "/root/LAST-VERSION-PROJECT-FLASK-REACT-/backend/venv/lib/python3.12/site-packages/jinja2/environment.py", line 1016, in get_template
    return self._load_template(name, globals)
           ^^^^^^^^^^^^^^^^^^^^^^^^^^^^^^^^^^
  File "/root/LAST-VERSION-PROJECT-FLASK-REACT-/backend/venv/lib/python3.12/site-packages/jinja2/environment.py", line 975, in _load_template
    template = self.loader.load(self, name, self.make_globals(globals))
               ^^^^^^^^^^^^^^^^^^^^^^^^^^^^^^^^^^^^^^^^^^^^^^^^^^^^^^^^
  File "/root/LAST-VERSION-PROJECT-FLASK-REACT-/backend/venv/lib/python3.12/site-packages/jinja2/loaders.py", line 126, in load
    source, filename, uptodate = self.get_source(environment, name)
                                 ^^^^^^^^^^^^^^^^^^^^^^^^^^^^^^^^^^
  File "/root/LAST-VERSION-PROJECT-FLASK-REACT-/backend/venv/lib/python3.12/site-packages/flask/templating.py", line 65, in get_source
    return self._get_source_fast(environment, template)
           ^^^^^^^^^^^^^^^^^^^^^^^^^^^^^^^^^^^^^^^^^^^^
  File "/root/LAST-VERSION-PROJECT-FLASK-REACT-/backend/venv/lib/python3.12/site-packages/flask/templating.py", line 99, in _get_source_fast
    raise TemplateNotFound(template)
jinja2.exceptions.TemplateNotFound: home.html
[2025-05-27 05:51:57,233] ERROR in app: Exception on / [GET]
Traceback (most recent call last):
  File "/root/LAST-VERSION-PROJECT-FLASK-REACT-/backend/venv/lib/python3.12/site-packages/flask/app.py", line 1511, in wsgi_app
    response = self.full_dispatch_request()
               ^^^^^^^^^^^^^^^^^^^^^^^^^^^^
  File "/root/LAST-VERSION-PROJECT-FLASK-REACT-/backend/venv/lib/python3.12/site-packages/flask/app.py", line 919, in full_dispatch_request
    rv = self.handle_user_exception(e)
         ^^^^^^^^^^^^^^^^^^^^^^^^^^^^^
  File "/root/LAST-VERSION-PROJECT-FLASK-REACT-/backend/venv/lib/python3.12/site-packages/flask/app.py", line 917, in full_dispatch_request
    rv = self.dispatch_request()
         ^^^^^^^^^^^^^^^^^^^^^^^
  File "/root/LAST-VERSION-PROJECT-FLASK-REACT-/backend/venv/lib/python3.12/site-packages/flask/app.py", line 902, in dispatch_request
    return self.ensure_sync(self.view_functions[rule.endpoint])(**view_args)  # type: ignore[no-any-return]
           ^^^^^^^^^^^^^^^^^^^^^^^^^^^^^^^^^^^^^^^^^^^^^^^^^^^^^^^^^^^^^^^^^
  File "/root/LAST-VERSION-PROJECT-FLASK-REACT-/backend/app/routes.py", line 9, in home
    return render_template('home.html', cars=cars)
           ^^^^^^^^^^^^^^^^^^^^^^^^^^^^^^^^^^^^^^^
  File "/root/LAST-VERSION-PROJECT-FLASK-REACT-/backend/venv/lib/python3.12/site-packages/flask/templating.py", line 149, in render_template
    template = app.jinja_env.get_or_select_template(template_name_or_list)
               ^^^^^^^^^^^^^^^^^^^^^^^^^^^^^^^^^^^^^^^^^^^^^^^^^^^^^^^^^^^
  File "/root/LAST-VERSION-PROJECT-FLASK-REACT-/backend/venv/lib/python3.12/site-packages/jinja2/environment.py", line 1087, in get_or_select_template
    return self.get_template(template_name_or_list, parent, globals)
           ^^^^^^^^^^^^^^^^^^^^^^^^^^^^^^^^^^^^^^^^^^^^^^^^^^^^^^^^^
  File "/root/LAST-VERSION-PROJECT-FLASK-REACT-/backend/venv/lib/python3.12/site-packages/jinja2/environment.py", line 1016, in get_template
    return self._load_template(name, globals)
           ^^^^^^^^^^^^^^^^^^^^^^^^^^^^^^^^^^
  File "/root/LAST-VERSION-PROJECT-FLASK-REACT-/backend/venv/lib/python3.12/site-packages/jinja2/environment.py", line 975, in _load_template
    template = self.loader.load(self, name, self.make_globals(globals))
               ^^^^^^^^^^^^^^^^^^^^^^^^^^^^^^^^^^^^^^^^^^^^^^^^^^^^^^^^
  File "/root/LAST-VERSION-PROJECT-FLASK-REACT-/backend/venv/lib/python3.12/site-packages/jinja2/loaders.py", line 126, in load
    source, filename, uptodate = self.get_source(environment, name)
                                 ^^^^^^^^^^^^^^^^^^^^^^^^^^^^^^^^^^
  File "/root/LAST-VERSION-PROJECT-FLASK-REACT-/backend/venv/lib/python3.12/site-packages/flask/templating.py", line 65, in get_source
    return self._get_source_fast(environment, template)
           ^^^^^^^^^^^^^^^^^^^^^^^^^^^^^^^^^^^^^^^^^^^^
  File "/root/LAST-VERSION-PROJECT-FLASK-REACT-/backend/venv/lib/python3.12/site-packages/flask/templating.py", line 99, in _get_source_fast
    raise TemplateNotFound(template)
jinja2.exceptions.TemplateNotFound: home.html
[2025-05-27 05:53:34,387] ERROR in app: Exception on / [GET]
Traceback (most recent call last):
  File "/root/LAST-VERSION-PROJECT-FLASK-REACT-/backend/venv/lib/python3.12/site-packages/flask/app.py", line 1511, in wsgi_app
    response = self.full_dispatch_request()
               ^^^^^^^^^^^^^^^^^^^^^^^^^^^^
  File "/root/LAST-VERSION-PROJECT-FLASK-REACT-/backend/venv/lib/python3.12/site-packages/flask/app.py", line 919, in full_dispatch_request
    rv = self.handle_user_exception(e)
         ^^^^^^^^^^^^^^^^^^^^^^^^^^^^^
  File "/root/LAST-VERSION-PROJECT-FLASK-REACT-/backend/venv/lib/python3.12/site-packages/flask/app.py", line 917, in full_dispatch_request
    rv = self.dispatch_request()
         ^^^^^^^^^^^^^^^^^^^^^^^
  File "/root/LAST-VERSION-PROJECT-FLASK-REACT-/backend/venv/lib/python3.12/site-packages/flask/app.py", line 902, in dispatch_request
    return self.ensure_sync(self.view_functions[rule.endpoint])(**view_args)  # type: ignore[no-any-return]
           ^^^^^^^^^^^^^^^^^^^^^^^^^^^^^^^^^^^^^^^^^^^^^^^^^^^^^^^^^^^^^^^^^
  File "/root/LAST-VERSION-PROJECT-FLASK-REACT-/backend/app/routes.py", line 9, in home
    return render_template('home.html', cars=cars)
           ^^^^^^^^^^^^^^^^^^^^^^^^^^^^^^^^^^^^^^^
  File "/root/LAST-VERSION-PROJECT-FLASK-REACT-/backend/venv/lib/python3.12/site-packages/flask/templating.py", line 149, in render_template
    template = app.jinja_env.get_or_select_template(template_name_or_list)
               ^^^^^^^^^^^^^^^^^^^^^^^^^^^^^^^^^^^^^^^^^^^^^^^^^^^^^^^^^^^
  File "/root/LAST-VERSION-PROJECT-FLASK-REACT-/backend/venv/lib/python3.12/site-packages/jinja2/environment.py", line 1087, in get_or_select_template
    return self.get_template(template_name_or_list, parent, globals)
           ^^^^^^^^^^^^^^^^^^^^^^^^^^^^^^^^^^^^^^^^^^^^^^^^^^^^^^^^^
  File "/root/LAST-VERSION-PROJECT-FLASK-REACT-/backend/venv/lib/python3.12/site-packages/jinja2/environment.py", line 1016, in get_template
    return self._load_template(name, globals)
           ^^^^^^^^^^^^^^^^^^^^^^^^^^^^^^^^^^
  File "/root/LAST-VERSION-PROJECT-FLASK-REACT-/backend/venv/lib/python3.12/site-packages/jinja2/environment.py", line 975, in _load_template
    template = self.loader.load(self, name, self.make_globals(globals))
               ^^^^^^^^^^^^^^^^^^^^^^^^^^^^^^^^^^^^^^^^^^^^^^^^^^^^^^^^
  File "/root/LAST-VERSION-PROJECT-FLASK-REACT-/backend/venv/lib/python3.12/site-packages/jinja2/loaders.py", line 126, in load
    source, filename, uptodate = self.get_source(environment, name)
                                 ^^^^^^^^^^^^^^^^^^^^^^^^^^^^^^^^^^
  File "/root/LAST-VERSION-PROJECT-FLASK-REACT-/backend/venv/lib/python3.12/site-packages/flask/templating.py", line 65, in get_source
    return self._get_source_fast(environment, template)
           ^^^^^^^^^^^^^^^^^^^^^^^^^^^^^^^^^^^^^^^^^^^^
  File "/root/LAST-VERSION-PROJECT-FLASK-REACT-/backend/venv/lib/python3.12/site-packages/flask/templating.py", line 99, in _get_source_fast
    raise TemplateNotFound(template)
jinja2.exceptions.TemplateNotFound: home.html
[2025-05-27 05:53:35,042] ERROR in app: Exception on / [GET]
Traceback (most recent call last):
  File "/root/LAST-VERSION-PROJECT-FLASK-REACT-/backend/venv/lib/python3.12/site-packages/flask/app.py", line 1511, in wsgi_app
    response = self.full_dispatch_request()
               ^^^^^^^^^^^^^^^^^^^^^^^^^^^^
  File "/root/LAST-VERSION-PROJECT-FLASK-REACT-/backend/venv/lib/python3.12/site-packages/flask/app.py", line 919, in full_dispatch_request
    rv = self.handle_user_exception(e)
         ^^^^^^^^^^^^^^^^^^^^^^^^^^^^^
  File "/root/LAST-VERSION-PROJECT-FLASK-REACT-/backend/venv/lib/python3.12/site-packages/flask/app.py", line 917, in full_dispatch_request
    rv = self.dispatch_request()
         ^^^^^^^^^^^^^^^^^^^^^^^
  File "/root/LAST-VERSION-PROJECT-FLASK-REACT-/backend/venv/lib/python3.12/site-packages/flask/app.py", line 902, in dispatch_request
    return self.ensure_sync(self.view_functions[rule.endpoint])(**view_args)  # type: ignore[no-any-return]
           ^^^^^^^^^^^^^^^^^^^^^^^^^^^^^^^^^^^^^^^^^^^^^^^^^^^^^^^^^^^^^^^^^
  File "/root/LAST-VERSION-PROJECT-FLASK-REACT-/backend/app/routes.py", line 9, in home
    return render_template('home.html', cars=cars)
           ^^^^^^^^^^^^^^^^^^^^^^^^^^^^^^^^^^^^^^^
  File "/root/LAST-VERSION-PROJECT-FLASK-REACT-/backend/venv/lib/python3.12/site-packages/flask/templating.py", line 149, in render_template
    template = app.jinja_env.get_or_select_template(template_name_or_list)
               ^^^^^^^^^^^^^^^^^^^^^^^^^^^^^^^^^^^^^^^^^^^^^^^^^^^^^^^^^^^
  File "/root/LAST-VERSION-PROJECT-FLASK-REACT-/backend/venv/lib/python3.12/site-packages/jinja2/environment.py", line 1087, in get_or_select_template
    return self.get_template(template_name_or_list, parent, globals)
           ^^^^^^^^^^^^^^^^^^^^^^^^^^^^^^^^^^^^^^^^^^^^^^^^^^^^^^^^^
  File "/root/LAST-VERSION-PROJECT-FLASK-REACT-/backend/venv/lib/python3.12/site-packages/jinja2/environment.py", line 1016, in get_template
    return self._load_template(name, globals)
           ^^^^^^^^^^^^^^^^^^^^^^^^^^^^^^^^^^
  File "/root/LAST-VERSION-PROJECT-FLASK-REACT-/backend/venv/lib/python3.12/site-packages/jinja2/environment.py", line 975, in _load_template
    template = self.loader.load(self, name, self.make_globals(globals))
               ^^^^^^^^^^^^^^^^^^^^^^^^^^^^^^^^^^^^^^^^^^^^^^^^^^^^^^^^
  File "/root/LAST-VERSION-PROJECT-FLASK-REACT-/backend/venv/lib/python3.12/site-packages/jinja2/loaders.py", line 126, in load
    source, filename, uptodate = self.get_source(environment, name)
                                 ^^^^^^^^^^^^^^^^^^^^^^^^^^^^^^^^^^
  File "/root/LAST-VERSION-PROJECT-FLASK-REACT-/backend/venv/lib/python3.12/site-packages/flask/templating.py", line 65, in get_source
    return self._get_source_fast(environment, template)
           ^^^^^^^^^^^^^^^^^^^^^^^^^^^^^^^^^^^^^^^^^^^^
  File "/root/LAST-VERSION-PROJECT-FLASK-REACT-/backend/venv/lib/python3.12/site-packages/flask/templating.py", line 99, in _get_source_fast
    raise TemplateNotFound(template)
jinja2.exceptions.TemplateNotFound: home.html
[2025-05-27 06:01:37,499] ERROR in app: Exception on / [GET]
Traceback (most recent call last):
  File "/root/LAST-VERSION-PROJECT-FLASK-REACT-/backend/venv/lib/python3.12/site-packages/flask/app.py", line 1511, in wsgi_app
    response = self.full_dispatch_request()
               ^^^^^^^^^^^^^^^^^^^^^^^^^^^^
  File "/root/LAST-VERSION-PROJECT-FLASK-REACT-/backend/venv/lib/python3.12/site-packages/flask/app.py", line 919, in full_dispatch_request
    rv = self.handle_user_exception(e)
         ^^^^^^^^^^^^^^^^^^^^^^^^^^^^^
  File "/root/LAST-VERSION-PROJECT-FLASK-REACT-/backend/venv/lib/python3.12/site-packages/flask/app.py", line 917, in full_dispatch_request
    rv = self.dispatch_request()
         ^^^^^^^^^^^^^^^^^^^^^^^
  File "/root/LAST-VERSION-PROJECT-FLASK-REACT-/backend/venv/lib/python3.12/site-packages/flask/app.py", line 902, in dispatch_request
    return self.ensure_sync(self.view_functions[rule.endpoint])(**view_args)  # type: ignore[no-any-return]
           ^^^^^^^^^^^^^^^^^^^^^^^^^^^^^^^^^^^^^^^^^^^^^^^^^^^^^^^^^^^^^^^^^
  File "/root/LAST-VERSION-PROJECT-FLASK-REACT-/backend/app/routes.py", line 9, in home
    return render_template('home.html', cars=cars)
           ^^^^^^^^^^^^^^^^^^^^^^^^^^^^^^^^^^^^^^^
  File "/root/LAST-VERSION-PROJECT-FLASK-REACT-/backend/venv/lib/python3.12/site-packages/flask/templating.py", line 149, in render_template
    template = app.jinja_env.get_or_select_template(template_name_or_list)
               ^^^^^^^^^^^^^^^^^^^^^^^^^^^^^^^^^^^^^^^^^^^^^^^^^^^^^^^^^^^
  File "/root/LAST-VERSION-PROJECT-FLASK-REACT-/backend/venv/lib/python3.12/site-packages/jinja2/environment.py", line 1087, in get_or_select_template
    return self.get_template(template_name_or_list, parent, globals)
           ^^^^^^^^^^^^^^^^^^^^^^^^^^^^^^^^^^^^^^^^^^^^^^^^^^^^^^^^^
  File "/root/LAST-VERSION-PROJECT-FLASK-REACT-/backend/venv/lib/python3.12/site-packages/jinja2/environment.py", line 1016, in get_template
    return self._load_template(name, globals)
           ^^^^^^^^^^^^^^^^^^^^^^^^^^^^^^^^^^
  File "/root/LAST-VERSION-PROJECT-FLASK-REACT-/backend/venv/lib/python3.12/site-packages/jinja2/environment.py", line 975, in _load_template
    template = self.loader.load(self, name, self.make_globals(globals))
               ^^^^^^^^^^^^^^^^^^^^^^^^^^^^^^^^^^^^^^^^^^^^^^^^^^^^^^^^
  File "/root/LAST-VERSION-PROJECT-FLASK-REACT-/backend/venv/lib/python3.12/site-packages/jinja2/loaders.py", line 126, in load
    source, filename, uptodate = self.get_source(environment, name)
                                 ^^^^^^^^^^^^^^^^^^^^^^^^^^^^^^^^^^
  File "/root/LAST-VERSION-PROJECT-FLASK-REACT-/backend/venv/lib/python3.12/site-packages/flask/templating.py", line 65, in get_source
    return self._get_source_fast(environment, template)
           ^^^^^^^^^^^^^^^^^^^^^^^^^^^^^^^^^^^^^^^^^^^^
  File "/root/LAST-VERSION-PROJECT-FLASK-REACT-/backend/venv/lib/python3.12/site-packages/flask/templating.py", line 99, in _get_source_fast
    raise TemplateNotFound(template)
jinja2.exceptions.TemplateNotFound: home.html
[2025-05-27 06:03:35,985] ERROR in app: Exception on / [GET]
Traceback (most recent call last):
  File "/root/LAST-VERSION-PROJECT-FLASK-REACT-/backend/venv/lib/python3.12/site-packages/flask/app.py", line 1511, in wsgi_app
    response = self.full_dispatch_request()
               ^^^^^^^^^^^^^^^^^^^^^^^^^^^^
  File "/root/LAST-VERSION-PROJECT-FLASK-REACT-/backend/venv/lib/python3.12/site-packages/flask/app.py", line 919, in full_dispatch_request
    rv = self.handle_user_exception(e)
         ^^^^^^^^^^^^^^^^^^^^^^^^^^^^^
  File "/root/LAST-VERSION-PROJECT-FLASK-REACT-/backend/venv/lib/python3.12/site-packages/flask/app.py", line 917, in full_dispatch_request
    rv = self.dispatch_request()
         ^^^^^^^^^^^^^^^^^^^^^^^
  File "/root/LAST-VERSION-PROJECT-FLASK-REACT-/backend/venv/lib/python3.12/site-packages/flask/app.py", line 902, in dispatch_request
    return self.ensure_sync(self.view_functions[rule.endpoint])(**view_args)  # type: ignore[no-any-return]
           ^^^^^^^^^^^^^^^^^^^^^^^^^^^^^^^^^^^^^^^^^^^^^^^^^^^^^^^^^^^^^^^^^
  File "/root/LAST-VERSION-PROJECT-FLASK-REACT-/backend/app/routes.py", line 9, in home
    return render_template('home.html', cars=cars)
           ^^^^^^^^^^^^^^^^^^^^^^^^^^^^^^^^^^^^^^^
  File "/root/LAST-VERSION-PROJECT-FLASK-REACT-/backend/venv/lib/python3.12/site-packages/flask/templating.py", line 149, in render_template
    template = app.jinja_env.get_or_select_template(template_name_or_list)
               ^^^^^^^^^^^^^^^^^^^^^^^^^^^^^^^^^^^^^^^^^^^^^^^^^^^^^^^^^^^
  File "/root/LAST-VERSION-PROJECT-FLASK-REACT-/backend/venv/lib/python3.12/site-packages/jinja2/environment.py", line 1087, in get_or_select_template
    return self.get_template(template_name_or_list, parent, globals)
           ^^^^^^^^^^^^^^^^^^^^^^^^^^^^^^^^^^^^^^^^^^^^^^^^^^^^^^^^^
  File "/root/LAST-VERSION-PROJECT-FLASK-REACT-/backend/venv/lib/python3.12/site-packages/jinja2/environment.py", line 1016, in get_template
    return self._load_template(name, globals)
           ^^^^^^^^^^^^^^^^^^^^^^^^^^^^^^^^^^
  File "/root/LAST-VERSION-PROJECT-FLASK-REACT-/backend/venv/lib/python3.12/site-packages/jinja2/environment.py", line 975, in _load_template
    template = self.loader.load(self, name, self.make_globals(globals))
               ^^^^^^^^^^^^^^^^^^^^^^^^^^^^^^^^^^^^^^^^^^^^^^^^^^^^^^^^
  File "/root/LAST-VERSION-PROJECT-FLASK-REACT-/backend/venv/lib/python3.12/site-packages/jinja2/loaders.py", line 126, in load
    source, filename, uptodate = self.get_source(environment, name)
                                 ^^^^^^^^^^^^^^^^^^^^^^^^^^^^^^^^^^
  File "/root/LAST-VERSION-PROJECT-FLASK-REACT-/backend/venv/lib/python3.12/site-packages/flask/templating.py", line 65, in get_source
    return self._get_source_fast(environment, template)
           ^^^^^^^^^^^^^^^^^^^^^^^^^^^^^^^^^^^^^^^^^^^^
  File "/root/LAST-VERSION-PROJECT-FLASK-REACT-/backend/venv/lib/python3.12/site-packages/flask/templating.py", line 99, in _get_source_fast
    raise TemplateNotFound(template)
jinja2.exceptions.TemplateNotFound: home.html
[2025-05-27 06:03:36,644] ERROR in app: Exception on / [GET]
Traceback (most recent call last):
  File "/root/LAST-VERSION-PROJECT-FLASK-REACT-/backend/venv/lib/python3.12/site-packages/flask/app.py", line 1511, in wsgi_app
    response = self.full_dispatch_request()
               ^^^^^^^^^^^^^^^^^^^^^^^^^^^^
  File "/root/LAST-VERSION-PROJECT-FLASK-REACT-/backend/venv/lib/python3.12/site-packages/flask/app.py", line 919, in full_dispatch_request
    rv = self.handle_user_exception(e)
         ^^^^^^^^^^^^^^^^^^^^^^^^^^^^^
  File "/root/LAST-VERSION-PROJECT-FLASK-REACT-/backend/venv/lib/python3.12/site-packages/flask/app.py", line 917, in full_dispatch_request
    rv = self.dispatch_request()
         ^^^^^^^^^^^^^^^^^^^^^^^
  File "/root/LAST-VERSION-PROJECT-FLASK-REACT-/backend/venv/lib/python3.12/site-packages/flask/app.py", line 902, in dispatch_request
    return self.ensure_sync(self.view_functions[rule.endpoint])(**view_args)  # type: ignore[no-any-return]
           ^^^^^^^^^^^^^^^^^^^^^^^^^^^^^^^^^^^^^^^^^^^^^^^^^^^^^^^^^^^^^^^^^
  File "/root/LAST-VERSION-PROJECT-FLASK-REACT-/backend/app/routes.py", line 9, in home
    return render_template('home.html', cars=cars)
           ^^^^^^^^^^^^^^^^^^^^^^^^^^^^^^^^^^^^^^^
  File "/root/LAST-VERSION-PROJECT-FLASK-REACT-/backend/venv/lib/python3.12/site-packages/flask/templating.py", line 149, in render_template
    template = app.jinja_env.get_or_select_template(template_name_or_list)
               ^^^^^^^^^^^^^^^^^^^^^^^^^^^^^^^^^^^^^^^^^^^^^^^^^^^^^^^^^^^
  File "/root/LAST-VERSION-PROJECT-FLASK-REACT-/backend/venv/lib/python3.12/site-packages/jinja2/environment.py", line 1087, in get_or_select_template
    return self.get_template(template_name_or_list, parent, globals)
           ^^^^^^^^^^^^^^^^^^^^^^^^^^^^^^^^^^^^^^^^^^^^^^^^^^^^^^^^^
  File "/root/LAST-VERSION-PROJECT-FLASK-REACT-/backend/venv/lib/python3.12/site-packages/jinja2/environment.py", line 1016, in get_template
    return self._load_template(name, globals)
           ^^^^^^^^^^^^^^^^^^^^^^^^^^^^^^^^^^
  File "/root/LAST-VERSION-PROJECT-FLASK-REACT-/backend/venv/lib/python3.12/site-packages/jinja2/environment.py", line 975, in _load_template
    template = self.loader.load(self, name, self.make_globals(globals))
               ^^^^^^^^^^^^^^^^^^^^^^^^^^^^^^^^^^^^^^^^^^^^^^^^^^^^^^^^
  File "/root/LAST-VERSION-PROJECT-FLASK-REACT-/backend/venv/lib/python3.12/site-packages/jinja2/loaders.py", line 126, in load
    source, filename, uptodate = self.get_source(environment, name)
                                 ^^^^^^^^^^^^^^^^^^^^^^^^^^^^^^^^^^
  File "/root/LAST-VERSION-PROJECT-FLASK-REACT-/backend/venv/lib/python3.12/site-packages/flask/templating.py", line 65, in get_source
    return self._get_source_fast(environment, template)
           ^^^^^^^^^^^^^^^^^^^^^^^^^^^^^^^^^^^^^^^^^^^^
  File "/root/LAST-VERSION-PROJECT-FLASK-REACT-/backend/venv/lib/python3.12/site-packages/flask/templating.py", line 99, in _get_source_fast
    raise TemplateNotFound(template)
jinja2.exceptions.TemplateNotFound: home.html
[2025-05-27 07:06:56 +0000] [590638] [INFO] Starting gunicorn 23.0.0
[2025-05-27 07:06:56 +0000] [590638] [ERROR] Connection in use: ('0.0.0.0', 5000)
[2025-05-27 07:06:56 +0000] [590638] [ERROR] connection to ('0.0.0.0', 5000) failed: [Errno 98] Address already in use
[2025-05-27 07:06:57 +0000] [590638] [ERROR] Connection in use: ('0.0.0.0', 5000)
[2025-05-27 07:06:57 +0000] [590638] [ERROR] connection to ('0.0.0.0', 5000) failed: [Errno 98] Address already in use
[2025-05-27 07:06:58 +0000] [590638] [ERROR] Connection in use: ('0.0.0.0', 5000)
[2025-05-27 07:06:58 +0000] [590638] [ERROR] connection to ('0.0.0.0', 5000) failed: [Errno 98] Address already in use
[2025-05-27 07:06:59 +0000] [590638] [ERROR] Connection in use: ('0.0.0.0', 5000)
[2025-05-27 07:06:59 +0000] [590638] [ERROR] connection to ('0.0.0.0', 5000) failed: [Errno 98] Address already in use
[2025-05-27 07:07:00 +0000] [590638] [ERROR] Connection in use: ('0.0.0.0', 5000)
[2025-05-27 07:07:00 +0000] [590638] [ERROR] connection to ('0.0.0.0', 5000) failed: [Errno 98] Address already in use
[2025-05-27 07:07:01 +0000] [590638] [ERROR] Can't connect to ('0.0.0.0', 5000)
[2025-05-27 07:23:08 +0000] [590705] [INFO] Starting gunicorn 23.0.0
[2025-05-27 07:23:08 +0000] [590705] [ERROR] Connection in use: ('0.0.0.0', 5000)
[2025-05-27 07:23:08 +0000] [590705] [ERROR] connection to ('0.0.0.0', 5000) failed: [Errno 98] Address already in use
[2025-05-27 07:23:09 +0000] [590705] [ERROR] Connection in use: ('0.0.0.0', 5000)
[2025-05-27 07:23:09 +0000] [590705] [ERROR] connection to ('0.0.0.0', 5000) failed: [Errno 98] Address already in use
[2025-05-27 07:23:10 +0000] [590705] [ERROR] Connection in use: ('0.0.0.0', 5000)
[2025-05-27 07:23:10 +0000] [590705] [ERROR] connection to ('0.0.0.0', 5000) failed: [Errno 98] Address already in use
[2025-05-27 07:23:11 +0000] [590705] [ERROR] Connection in use: ('0.0.0.0', 5000)
[2025-05-27 07:23:11 +0000] [590705] [ERROR] connection to ('0.0.0.0', 5000) failed: [Errno 98] Address already in use
[2025-05-27 07:23:12 +0000] [590705] [ERROR] Connection in use: ('0.0.0.0', 5000)
[2025-05-27 07:23:12 +0000] [590705] [ERROR] connection to ('0.0.0.0', 5000) failed: [Errno 98] Address already in use
[2025-05-27 07:23:13 +0000] [590705] [ERROR] Can't connect to ('0.0.0.0', 5000)
